<?xml version="1.0" encoding="UTF-8"?>
<testsuite xmlns:xsi="http://www.w3.org/2001/XMLSchema-instance" xsi:schemaLocation="https://maven.apache.org/surefire/maven-surefire-plugin/xsd/surefire-test-report.xsd" name="com.globallogic.bootcampgl.junitTest.AppTest" time="0.38" tests="2" errors="0" skipped="0" failures="0">
  <properties>
    <property name="java.runtime.name" value="OpenJDK Runtime Environment"/>
    <property name="sun.boot.library.path" value="C:\GLBootcamp\app\Java\jre\bin"/>
    <property name="java.vm.version" value="25.252-b14"/>
    <property name="user.country.format" value="AR"/>
    <property name="jdk.vendor.version" value="Zulu 8.46.0.19-CA-win64"/>
    <property name="java.vm.vendor" value="Azul Systems, Inc."/>
    <property name="maven.multiModuleProjectDirectory" value="C:\GLBootcamp\repo\junitTestProject"/>
    <property name="java.vendor.url" value="http://www.azulsystems.com/"/>
    <property name="path.separator" value=";"/>
    <property name="guice.disable.misplaced.annotation.check" value="true"/>
    <property name="java.vm.name" value="OpenJDK 64-Bit Server VM"/>
    <property name="file.encoding.pkg" value="sun.io"/>
    <property name="user.script" value=""/>
    <property name="user.country" value="US"/>
    <property name="sun.java.launcher" value="SUN_STANDARD"/>
    <property name="sun.os.patch.level" value=""/>
    <property name="java.vm.specification.name" value="Java Virtual Machine Specification"/>
    <property name="user.dir" value="C:\GLBootcamp\repo\junitTestProject"/>
    <property name="java.runtime.version" value="1.8.0_252-b14"/>
    <property name="java.awt.graphicsenv" value="sun.awt.Win32GraphicsEnvironment"/>
    <property name="java.endorsed.dirs" value="C:\GLBootcamp\app\Java\jre\lib\endorsed"/>
    <property name="os.arch" value="amd64"/>
    <property name="java.io.tmpdir" value="C:\Users\brian\AppData\Local\Temp\"/>
    <property name="line.separator" value="&#10;"/>
    <property name="java.vm.specification.vendor" value="Oracle Corporation"/>
    <property name="user.variant" value=""/>
    <property name="os.name" value="Windows 10"/>
    <property name="classworlds.conf" value="C:\GLBootcamp\workspace\.metadata\.plugins\org.eclipse.m2e.launching\launches\m2conf2035158052471714696.tmp"/>
    <property name="jansi.force" value="true"/>
    <property name="sun.jnu.encoding" value="Cp1252"/>
    <property name="java.library.path" value="C:\GLBootcamp\app\Java\bin;C:\WINDOWS\Sun\Java\bin;C:\WINDOWS\system32;C:\WINDOWS;C:/GLBootCamp/app/java/bin/../jre/bin/server;C:/GLBootCamp/app/java/bin/../jre/bin;C:/GLBootCamp/app/java/bin/../jre/lib/amd64;C:\GLBootCamp\app\java\bin;C:\GLBootCamp\app\apache-maven-3.6.3\bin;C:\Program Files (x86)\Brackets\command;C:\WINDOWS\system32;C:\WINDOWS;C:\WINDOWS\System32\Wbem;C:\WINDOWS\System32\WindowsPowerShell\v1.0\;C:\WINDOWS\System32\OpenSSH\;C:\Program Files\dotnet\;C:\Program Files\Microsoft SQL Server\130\Tools\Binn\;C:\Program Files\Microsoft VS Code\bin;C:\Program Files\Calibre2\;C:\Program Files\nodejs\;C:\GLBootcamp\app\Git\cmd;C:\GLBootCamp\app\java\bin;C:\Users\brian\AppData\Local\Programs\Python\Python37\Scripts\;C:\Users\brian\AppData\Local\Programs\Python\Python37\;C:\Program Files\Java\jdk-11.0.1\bin;C:\Users\brian\AppData\Local\Microsoft\WindowsApps;C:\Users\brian\AppData\Local\GitHubDesktop\bin;C:\Users\brian\AppData\Roaming\npm;C:\Program Files\JetBrains\IntelliJ IDEA 2020.1.1\bin;;C:\Users\brian\AppData\Local\hyper\app-3.0.2\resources\bin;;C:\GLBootcamp\app\sts-4.7.0.RELEASE;;."/>
    <property name="jansi.passthrough" value="true"/>
    <property name="java.specification.name" value="Java Platform API Specification"/>
    <property name="java.class.version" value="52.0"/>
    <property name="sun.management.compiler" value="HotSpot 64-Bit Tiered Compilers"/>
    <property name="os.version" value="10.0"/>
    <property name="user.home" value="C:\Users\brian"/>
    <property name="user.timezone" value="America/Buenos_Aires"/>
    <property name="java.awt.printerjob" value="sun.awt.windows.WPrinterJob"/>
    <property name="java.specification.version" value="1.8"/>
    <property name="file.encoding" value="Cp1252"/>
    <property name="user.name" value="brian"/>
    <property name="java.class.path" value="C:\GLBootcamp\app\sts-4.7.0.RELEASE\plugins\org.eclipse.m2e.maven.runtime_1.16.0.20200610-1735\jars\plexus-classworlds-2.6.0.jar"/>
    <property name="java.vm.specification.version" value="1.8"/>
    <property name="sun.arch.data.model" value="64"/>
    <property name="java.home" value="C:\GLBootcamp\app\Java\jre"/>
    <property name="sun.java.command" value="org.codehaus.plexus.classworlds.launcher.Launcher -B test -Dstyle.color=always"/>
    <property name="java.specification.vendor" value="Oracle Corporation"/>
    <property name="user.language" value="en"/>
    <property name="user.language.format" value="es"/>
    <property name="awt.toolkit" value="sun.awt.windows.WToolkit"/>
    <property name="java.vm.info" value="mixed mode"/>
    <property name="java.version" value="1.8.0_252"/>
    <property name="java.ext.dirs" value="C:\GLBootcamp\app\Java\jre\lib\ext;C:\WINDOWS\Sun\Java\lib\ext"/>
    <property name="sun.boot.class.path" value="C:\GLBootcamp\app\Java\jre\lib\resources.jar;C:\GLBootcamp\app\Java\jre\lib\rt.jar;C:\GLBootcamp\app\Java\jre\lib\sunrsasign.jar;C:\GLBootcamp\app\Java\jre\lib\jsse.jar;C:\GLBootcamp\app\Java\jre\lib\jce.jar;C:\GLBootcamp\app\Java\jre\lib\charsets.jar;C:\GLBootcamp\app\Java\jre\lib\jfr.jar;C:\GLBootcamp\app\Java\jre\classes"/>
    <property name="java.vendor" value="Azul Systems, Inc."/>
    <property name="maven.home" value="C:\GLBootcamp\repo\junitTestProject\EMBEDDED"/>
    <property name="style.color" value="always"/>
    <property name="file.separator" value="\"/>
    <property name="java.vendor.url.bug" value="http://www.azulsystems.com/support/"/>
    <property name="sun.cpu.endian" value="little"/>
    <property name="sun.io.unicode.encoding" value="UnicodeLittle"/>
    <property name="sun.desktop" value="windows"/>
    <property name="sun.cpu.isalist" value="amd64"/>
  </properties>
  <testcase name="testEvaluarTresVAriables" classname="com.globallogic.bootcampgl.junitTest.AppTest" time="0.045"/>
  <testcase name="test" classname="com.globallogic.bootcampgl.junitTest.AppTest" time="0.002"/>
</testsuite>